# JRE version: Java(TM) SE Runtime Environment (21.0.9+7) (build 21.0.9+7-LTS-338)
# Java VM: Java HotSpot(TM) 64-Bit Server VM (21.0.9+7-LTS-338, mixed mode, sharing, tiered, compressed oops, compressed class ptrs, g1 gc, windows-amd64)
GC Precious Log:
 CardTable entry size: 512
 Card Set container configuration: InlinePtr #cards 4 size 8 Array Of Cards #cards 16 size 48 Howl #buckets 8 coarsen threshold 3686 Howl Bitmap #cards 512 size 80 coarsen threshold 460 Card regions per heap region 1 cards per card region 4096
 CPUs: 4 total, 4 available
 Memory: 16348M
 Large Page Support: Disabled
 NUMA Support: Disabled
 Compressed Oops: Enabled (Zero based)
 Heap Region Size: 2M
 Heap Min Capacity: 8M
 Heap Initial Capacity: 256M
 Heap Max Capacity: 4088M
 Pre-touch: Disabled
 Parallel Workers: 4
 Concurrent Workers: 1
 Concurrent Refinement Workers: 4
 Periodic GC: Disabled
Heap:
 garbage-first heap   total 716800K, used 635904K [0x0000000700800000, 0x0000000800000000)
  region size 2048K, 104 young (212992K), 14 survivors (28672K)
 Metaspace       used 80034K, committed 81024K, reserved 1179648K
  class space    used 8766K, committed 9216K, reserved 1048576K
GC Heap History (20 events):
Event: 28.157 GC heap before
{Heap before GC invocations=51 (full 0):
 garbage-first heap   total 512000K, used 334360K [0x0000000700800000, 0x0000000800000000)
  region size 2048K, 53 young (108544K), 8 survivors (16384K)
 Metaspace       used 77827K, committed 78784K, reserved 1179648K
  class space    used 8654K, committed 9088K, reserved 1048576K
}
Event: 28.172 GC heap after
{Heap after GC invocations=52 (full 0):
 garbage-first heap   total 512000K, used 249250K [0x0000000700800000, 0x0000000800000000)
  region size 2048K, 7 young (14336K), 7 survivors (14336K)
 Metaspace       used 77827K, committed 78784K, reserved 1179648K
  class space    used 8654K, committed 9088K, reserved 1048576K
}
Event: 29.871 GC heap before
{Heap before GC invocations=52 (full 0):
 garbage-first heap   total 512000K, used 454050K [0x0000000700800000, 0x0000000800000000)
  region size 2048K, 104 young (212992K), 7 survivors (14336K)
 Metaspace       used 78244K, committed 79168K, reserved 1179648K
  class space    used 8710K, committed 9152K, reserved 1048576K
}
Event: 29.894 GC heap after
{Heap after GC invocations=53 (full 0):
 garbage-first heap   total 512000K, used 270336K [0x0000000700800000, 0x0000000800000000)
  region size 2048K, 13 young (26624K), 13 survivors (26624K)
 Metaspace       used 78244K, committed 79168K, reserved 1179648K
  class space    used 8710K, committed 9152K, reserved 1048576K
}
Event: 32.186 GC heap before
{Heap before GC invocations=53 (full 0):
 garbage-first heap   total 512000K, used 440320K [0x0000000700800000, 0x0000000800000000)
  region size 2048K, 96 young (196608K), 13 survivors (26624K)
 Metaspace       used 78598K, committed 79552K, reserved 1179648K
  class space    used 8719K, committed 9152K, reserved 1048576K
}
Event: 32.212 GC heap after
{Heap after GC invocations=54 (full 0):
 garbage-first heap   total 512000K, used 295936K [0x0000000700800000, 0x0000000800000000)
  region size 2048K, 11 young (22528K), 11 survivors (22528K)
 Metaspace       used 78598K, committed 79552K, reserved 1179648K
  class space    used 8719K, committed 9152K, reserved 1048576K
}
Event: 33.753 GC heap before
{Heap before GC invocations=54 (full 0):
 garbage-first heap   total 512000K, used 451584K [0x0000000700800000, 0x0000000800000000)
  region size 2048K, 87 young (178176K), 11 survivors (22528K)
 Metaspace       used 78832K, committed 79808K, reserved 1179648K
  class space    used 8728K, committed 9152K, reserved 1048576K
}
Event: 33.773 GC heap after
{Heap after GC invocations=55 (full 0):
 garbage-first heap   total 512000K, used 314368K [0x0000000700800000, 0x0000000800000000)
  region size 2048K, 10 young (20480K), 10 survivors (20480K)
 Metaspace       used 78832K, committed 79808K, reserved 1179648K
  class space    used 8728K, committed 9152K, reserved 1048576K
}
Event: 35.550 GC heap before
{Heap before GC invocations=56 (full 0):
 garbage-first heap   total 618496K, used 457728K [0x0000000700800000, 0x0000000800000000)
  region size 2048K, 80 young (163840K), 10 survivors (20480K)
 Metaspace       used 79164K, committed 80192K, reserved 1179648K
  class space    used 8747K, committed 9216K, reserved 1048576K
}
Event: 35.573 GC heap after
{Heap after GC invocations=57 (full 0):
 garbage-first heap   total 618496K, used 334606K [0x0000000700800000, 0x0000000800000000)
  region size 2048K, 10 young (20480K), 10 survivors (20480K)
 Metaspace       used 79164K, committed 80192K, reserved 1179648K
  class space    used 8747K, committed 9216K, reserved 1048576K
}
Event: 36.933 GC heap before
{Heap before GC invocations=57 (full 0):
 garbage-first heap   total 618496K, used 545550K [0x0000000700800000, 0x0000000800000000)
  region size 2048K, 113 young (231424K), 10 survivors (20480K)
 Metaspace       used 79407K, committed 80384K, reserved 1179648K
  class space    used 8755K, committed 9216K, reserved 1048576K
}
Event: 36.960 GC heap after
{Heap after GC invocations=58 (full 0):
 garbage-first heap   total 618496K, used 357376K [0x0000000700800000, 0x0000000800000000)
  region size 2048K, 13 young (26624K), 13 survivors (26624K)
 Metaspace       used 79407K, committed 80384K, reserved 1179648K
  class space    used 8755K, committed 9216K, reserved 1048576K
}
Event: 38.073 GC heap before
{Heap before GC invocations=58 (full 0):
 garbage-first heap   total 618496K, used 551936K [0x0000000700800000, 0x0000000800000000)
  region size 2048K, 108 young (221184K), 13 survivors (26624K)
 Metaspace       used 79536K, committed 80512K, reserved 1179648K
  class space    used 8756K, committed 9216K, reserved 1048576K
}
Event: 38.099 GC heap after
{Heap after GC invocations=59 (full 0):
 garbage-first heap   total 618496K, used 385024K [0x0000000700800000, 0x0000000800000000)
  region size 2048K, 13 young (26624K), 13 survivors (26624K)
 Metaspace       used 79536K, committed 80512K, reserved 1179648K
  class space    used 8756K, committed 9216K, reserved 1048576K
}
Event: 38.874 GC heap before
{Heap before GC invocations=59 (full 0):
 garbage-first heap   total 618496K, used 559104K [0x0000000700800000, 0x0000000800000000)
  region size 2048K, 98 young (200704K), 13 survivors (26624K)
 Metaspace       used 79622K, committed 80640K, reserved 1179648K
  class space    used 8763K, committed 9216K, reserved 1048576K
}
Event: 38.898 GC heap after
{Heap after GC invocations=60 (full 0):
 garbage-first heap   total 618496K, used 407552K [0x0000000700800000, 0x0000000800000000)
  region size 2048K, 12 young (24576K), 12 survivors (24576K)
 Metaspace       used 79622K, committed 80640K, reserved 1179648K
  class space    used 8763K, committed 9216K, reserved 1048576K
}
Event: 40.400 GC heap before
{Heap before GC invocations=61 (full 0):
 garbage-first heap   total 716800K, used 555008K [0x0000000700800000, 0x0000000800000000)
  region size 2048K, 84 young (172032K), 12 survivors (24576K)
 Metaspace       used 79794K, committed 80768K, reserved 1179648K
  class space    used 8764K, committed 9216K, reserved 1048576K
}
Event: 40.421 GC heap after
{Heap after GC invocations=62 (full 0):
 garbage-first heap   total 716800K, used 428032K [0x0000000700800000, 0x0000000800000000)
  region size 2048K, 10 young (20480K), 10 survivors (20480K)
 Metaspace       used 79794K, committed 80768K, reserved 1179648K
  class space    used 8764K, committed 9216K, reserved 1048576K
}
Event: 41.107 GC heap before
{Heap before GC invocations=62 (full 0):
 garbage-first heap   total 716800K, used 643072K [0x0000000700800000, 0x0000000800000000)
  region size 2048K, 115 young (235520K), 10 survivors (20480K)
 Metaspace       used 79884K, committed 80832K, reserved 1179648K
  class space    used 8765K, committed 9216K, reserved 1048576K
}
Event: 41.132 GC heap after
{Heap after GC invocations=63 (full 0):
 garbage-first heap   total 716800K, used 453632K [0x0000000700800000, 0x0000000800000000)
  region size 2048K, 14 young (28672K), 14 survivors (28672K)
 Metaspace       used 79884K, committed 80832K, reserved 1179648K
  class space    used 8765K, committed 9216K, reserved 1048576K
}

