# JRE version: Java(TM) SE Runtime Environment (21.0.9+7) (build 21.0.9+7-LTS-338)
# Java VM: Java HotSpot(TM) 64-Bit Server VM (21.0.9+7-LTS-338, mixed mode, sharing, tiered, compressed oops, compressed class ptrs, g1 gc, windows-amd64)
GC Precious Log:
 CardTable entry size: 512
 Card Set container configuration: InlinePtr #cards 4 size 8 Array Of Cards #cards 16 size 48 Howl #buckets 8 coarsen threshold 3686 Howl Bitmap #cards 512 size 80 coarsen threshold 460 Card regions per heap region 1 cards per card region 4096
 CPUs: 4 total, 4 available
 Memory: 16348M
 Large Page Support: Disabled
 NUMA Support: Disabled
 Compressed Oops: Enabled (Zero based)
 Heap Region Size: 2M
 Heap Min Capacity: 8M
 Heap Initial Capacity: 256M
 Heap Max Capacity: 4088M
 Pre-touch: Disabled
 Parallel Workers: 4
 Concurrent Workers: 1
 Concurrent Refinement Workers: 4
 Periodic GC: Disabled
Heap:
 garbage-first heap   total 376832K, used 288037K [0x0000000700800000, 0x0000000800000000)
  region size 2048K, 27 young (55296K), 2 survivors (4096K)
 Metaspace       used 77774K, committed 78720K, reserved 1179648K
  class space    used 8653K, committed 9088K, reserved 1048576K
GC Heap History (20 events):
Event: 16.133 GC heap before
{Heap before GC invocations=33 (full 0):
 garbage-first heap   total 280576K, used 217491K [0x0000000700800000, 0x0000000800000000)
  region size 2048K, 43 young (88064K), 5 survivors (10240K)
 Metaspace       used 72309K, committed 73280K, reserved 1114112K
  class space    used 8260K, committed 8704K, reserved 1048576K
}
Event: 16.144 GC heap after
{Heap after GC invocations=34 (full 0):
 garbage-first heap   total 280576K, used 146382K [0x0000000700800000, 0x0000000800000000)
  region size 2048K, 6 young (12288K), 6 survivors (12288K)
 Metaspace       used 72309K, committed 73280K, reserved 1114112K
  class space    used 8260K, committed 8704K, reserved 1048576K
}
Event: 17.200 GC heap before
{Heap before GC invocations=34 (full 0):
 garbage-first heap   total 280576K, used 246734K [0x0000000700800000, 0x0000000800000000)
  region size 2048K, 50 young (102400K), 6 survivors (12288K)
 Metaspace       used 72635K, committed 73600K, reserved 1114112K
  class space    used 8274K, committed 8704K, reserved 1048576K
}
Event: 17.218 GC heap after
{Heap after GC invocations=35 (full 0):
 garbage-first heap   total 280576K, used 163840K [0x0000000700800000, 0x0000000800000000)
  region size 2048K, 7 young (14336K), 7 survivors (14336K)
 Metaspace       used 72635K, committed 73600K, reserved 1114112K
  class space    used 8274K, committed 8704K, reserved 1048576K
}
Event: 17.290 GC heap before
{Heap before GC invocations=35 (full 0):
 garbage-first heap   total 280576K, used 172032K [0x0000000700800000, 0x0000000800000000)
  region size 2048K, 12 young (24576K), 7 survivors (14336K)
 Metaspace       used 72645K, committed 73600K, reserved 1114112K
  class space    used 8274K, committed 8704K, reserved 1048576K
}
Event: 17.300 GC heap after
{Heap after GC invocations=36 (full 0):
 garbage-first heap   total 337920K, used 165834K [0x0000000700800000, 0x0000000800000000)
  region size 2048K, 2 young (4096K), 2 survivors (4096K)
 Metaspace       used 72645K, committed 73600K, reserved 1114112K
  class space    used 8274K, committed 8704K, reserved 1048576K
}
Event: 17.709 GC heap before
{Heap before GC invocations=36 (full 0):
 garbage-first heap   total 337920K, used 221130K [0x0000000700800000, 0x0000000800000000)
  region size 2048K, 29 young (59392K), 2 survivors (4096K)
 Metaspace       used 72945K, committed 73920K, reserved 1179648K
  class space    used 8304K, committed 8768K, reserved 1048576K
}
Event: 17.716 GC heap after
{Heap after GC invocations=37 (full 0):
 garbage-first heap   total 337920K, used 172642K [0x0000000700800000, 0x0000000800000000)
  region size 2048K, 5 young (10240K), 5 survivors (10240K)
 Metaspace       used 72945K, committed 73920K, reserved 1179648K
  class space    used 8304K, committed 8768K, reserved 1048576K
}
Event: 18.791 GC heap before
{Heap before GC invocations=38 (full 0):
 garbage-first heap   total 337920K, used 293474K [0x0000000700800000, 0x0000000800000000)
  region size 2048K, 62 young (126976K), 5 survivors (10240K)
 Metaspace       used 74672K, committed 75584K, reserved 1179648K
  class space    used 8482K, committed 8896K, reserved 1048576K
}
Event: 18.804 GC heap after
{Heap after GC invocations=39 (full 0):
 garbage-first heap   total 337920K, used 185335K [0x0000000700800000, 0x0000000800000000)
  region size 2048K, 8 young (16384K), 8 survivors (16384K)
 Metaspace       used 74672K, committed 75584K, reserved 1179648K
  class space    used 8482K, committed 8896K, reserved 1048576K
}
Event: 21.110 GC heap before
{Heap before GC invocations=39 (full 0):
 garbage-first heap   total 337920K, used 295927K [0x0000000700800000, 0x0000000800000000)
  region size 2048K, 60 young (122880K), 8 survivors (16384K)
 Metaspace       used 75338K, committed 76352K, reserved 1179648K
  class space    used 8500K, committed 8960K, reserved 1048576K
}
Event: 21.132 GC heap after
{Heap after GC invocations=40 (full 0):
 garbage-first heap   total 337920K, used 199179K [0x0000000700800000, 0x0000000800000000)
  region size 2048K, 8 young (16384K), 8 survivors (16384K)
 Metaspace       used 75338K, committed 76352K, reserved 1179648K
  class space    used 8500K, committed 8960K, reserved 1048576K
}
Event: 23.564 GC heap before
{Heap before GC invocations=40 (full 0):
 garbage-first heap   total 337920K, used 248331K [0x0000000700800000, 0x0000000800000000)
  region size 2048K, 33 young (67584K), 8 survivors (16384K)
 Metaspace       used 76236K, committed 77184K, reserved 1179648K
  class space    used 8549K, committed 8960K, reserved 1048576K
}
Event: 23.581 GC heap after
{Heap after GC invocations=41 (full 0):
 garbage-first heap   total 337920K, used 205824K [0x0000000700800000, 0x0000000800000000)
  region size 2048K, 4 young (8192K), 4 survivors (8192K)
 Metaspace       used 76236K, committed 77184K, reserved 1179648K
  class space    used 8549K, committed 8960K, reserved 1048576K
}
Event: 26.386 GC heap before
{Heap before GC invocations=42 (full 0):
 garbage-first heap   total 376832K, used 304128K [0x0000000700800000, 0x0000000800000000)
  region size 2048K, 51 young (104448K), 4 survivors (8192K)
 Metaspace       used 77307K, committed 78272K, reserved 1179648K
  class space    used 8620K, committed 9088K, reserved 1048576K
}
Event: 26.402 GC heap after
{Heap after GC invocations=43 (full 0):
 garbage-first heap   total 376832K, used 219823K [0x0000000700800000, 0x0000000800000000)
  region size 2048K, 7 young (14336K), 7 survivors (14336K)
 Metaspace       used 77307K, committed 78272K, reserved 1179648K
  class space    used 8620K, committed 9088K, reserved 1048576K
}
Event: 27.636 GC heap before
{Heap before GC invocations=43 (full 0):
 garbage-first heap   total 376832K, used 334511K [0x0000000700800000, 0x0000000800000000)
  region size 2048K, 61 young (124928K), 7 survivors (14336K)
 Metaspace       used 77640K, committed 78592K, reserved 1179648K
  class space    used 8644K, committed 9088K, reserved 1048576K
}
Event: 27.658 GC heap after
{Heap after GC invocations=44 (full 0):
 garbage-first heap   total 376832K, used 234117K [0x0000000700800000, 0x0000000800000000)
  region size 2048K, 8 young (16384K), 8 survivors (16384K)
 Metaspace       used 77640K, committed 78592K, reserved 1179648K
  class space    used 8644K, committed 9088K, reserved 1048576K
}
Event: 27.720 GC heap before
{Heap before GC invocations=44 (full 0):
 garbage-first heap   total 376832K, used 238213K [0x0000000700800000, 0x0000000800000000)
  region size 2048K, 11 young (22528K), 8 survivors (16384K)
 Metaspace       used 77653K, committed 78592K, reserved 1179648K
  class space    used 8644K, committed 9088K, reserved 1048576K
}
Event: 27.728 GC heap after
{Heap after GC invocations=45 (full 0):
 garbage-first heap   total 376832K, used 236837K [0x0000000700800000, 0x0000000800000000)
  region size 2048K, 2 young (4096K), 2 survivors (4096K)
 Metaspace       used 77653K, committed 78592K, reserved 1179648K
  class space    used 8644K, committed 9088K, reserved 1048576K
}

