# JRE version: Java(TM) SE Runtime Environment (21.0.9+7) (build 21.0.9+7-LTS-338)
# Java VM: Java HotSpot(TM) 64-Bit Server VM (21.0.9+7-LTS-338, mixed mode, sharing, tiered, compressed oops, compressed class ptrs, g1 gc, windows-amd64)
GC Precious Log:
 CardTable entry size: 512
 Card Set container configuration: InlinePtr #cards 4 size 8 Array Of Cards #cards 16 size 48 Howl #buckets 8 coarsen threshold 3686 Howl Bitmap #cards 512 size 80 coarsen threshold 460 Card regions per heap region 1 cards per card region 4096
 CPUs: 4 total, 4 available
 Memory: 16348M
 Large Page Support: Disabled
 NUMA Support: Disabled
 Compressed Oops: Enabled (Zero based)
 Heap Region Size: 2M
 Heap Min Capacity: 8M
 Heap Initial Capacity: 256M
 Heap Max Capacity: 4088M
 Pre-touch: Disabled
 Parallel Workers: 4
 Concurrent Workers: 1
 Concurrent Refinement Workers: 4
 Periodic GC: Disabled
Heap:
 garbage-first heap   total 997376K, used 681936K [0x0000000700800000, 0x0000000800000000)
  region size 2048K, 112 young (229376K), 12 survivors (24576K)
 Metaspace       used 80126K, committed 81088K, reserved 1179648K
  class space    used 8761K, committed 9216K, reserved 1048576K
GC Heap History (20 events):
Event: 28.967 GC heap before
{Heap before GC invocations=50 (full 0):
 garbage-first heap   total 403456K, used 298602K [0x0000000700800000, 0x0000000800000000)
  region size 2048K, 33 young (67584K), 8 survivors (16384K)
 Metaspace       used 78016K, committed 78976K, reserved 1179648K
  class space    used 8663K, committed 9088K, reserved 1048576K
}
Event: 28.982 GC heap after
{Heap after GC invocations=51 (full 0):
 garbage-first heap   total 403456K, used 255628K [0x0000000700800000, 0x0000000800000000)
  region size 2048K, 4 young (8192K), 4 survivors (8192K)
 Metaspace       used 78016K, committed 78976K, reserved 1179648K
  class space    used 8663K, committed 9088K, reserved 1048576K
}
Event: 29.952 GC heap before
{Heap before GC invocations=52 (full 0):
 garbage-first heap   total 536576K, used 362124K [0x0000000700800000, 0x0000000800000000)
  region size 2048K, 54 young (110592K), 4 survivors (8192K)
 Metaspace       used 78322K, committed 79296K, reserved 1179648K
  class space    used 8713K, committed 9152K, reserved 1048576K
}
Event: 29.967 GC heap after
{Heap after GC invocations=53 (full 0):
 garbage-first heap   total 536576K, used 270288K [0x0000000700800000, 0x0000000800000000)
  region size 2048K, 7 young (14336K), 7 survivors (14336K)
 Metaspace       used 78322K, committed 79296K, reserved 1179648K
  class space    used 8713K, committed 9152K, reserved 1048576K
}
Event: 32.326 GC heap before
{Heap before GC invocations=53 (full 0):
 garbage-first heap   total 536576K, used 462800K [0x0000000700800000, 0x0000000800000000)
  region size 2048K, 101 young (206848K), 7 survivors (14336K)
 Metaspace       used 78681K, committed 79616K, reserved 1179648K
  class space    used 8723K, committed 9152K, reserved 1048576K
}
Event: 32.352 GC heap after
{Heap after GC invocations=54 (full 0):
 garbage-first heap   total 645120K, used 292743K [0x0000000700800000, 0x0000000800000000)
  region size 2048K, 13 young (26624K), 13 survivors (26624K)
 Metaspace       used 78681K, committed 79616K, reserved 1179648K
  class space    used 8723K, committed 9152K, reserved 1048576K
}
Event: 34.506 GC heap before
{Heap before GC invocations=54 (full 0):
 garbage-first heap   total 645120K, used 544647K [0x0000000700800000, 0x0000000800000000)
  region size 2048K, 136 young (278528K), 13 survivors (26624K)
 Metaspace       used 79057K, committed 80064K, reserved 1179648K
  class space    used 8743K, committed 9216K, reserved 1048576K
}
Event: 34.538 GC heap after
{Heap after GC invocations=55 (full 0):
 garbage-first heap   total 645120K, used 325584K [0x0000000700800000, 0x0000000800000000)
  region size 2048K, 15 young (30720K), 15 survivors (30720K)
 Metaspace       used 79057K, committed 80064K, reserved 1179648K
  class space    used 8743K, committed 9216K, reserved 1048576K
}
Event: 36.538 GC heap before
{Heap before GC invocations=56 (full 0):
 garbage-first heap   total 645120K, used 552912K [0x0000000700800000, 0x0000000800000000)
  region size 2048K, 126 young (258048K), 15 survivors (30720K)
 Metaspace       used 79320K, committed 80320K, reserved 1179648K
  class space    used 8752K, committed 9216K, reserved 1048576K
}
Event: 36.569 GC heap after
{Heap after GC invocations=57 (full 0):
 garbage-first heap   total 645120K, used 353232K [0x0000000700800000, 0x0000000800000000)
  region size 2048K, 14 young (28672K), 14 survivors (28672K)
 Metaspace       used 79320K, committed 80320K, reserved 1179648K
  class space    used 8752K, committed 9216K, reserved 1048576K
}
Event: 37.852 GC heap before
{Heap before GC invocations=57 (full 0):
 garbage-first heap   total 645120K, used 562128K [0x0000000700800000, 0x0000000800000000)
  region size 2048K, 116 young (237568K), 14 survivors (28672K)
 Metaspace       used 79491K, committed 80448K, reserved 1179648K
  class space    used 8753K, committed 9216K, reserved 1048576K
}
Event: 37.883 GC heap after
{Heap after GC invocations=58 (full 0):
 garbage-first heap   total 645120K, used 378832K [0x0000000700800000, 0x0000000800000000)
  region size 2048K, 14 young (28672K), 14 survivors (28672K)
 Metaspace       used 79491K, committed 80448K, reserved 1179648K
  class space    used 8753K, committed 9216K, reserved 1048576K
}
Event: 39.337 GC heap before
{Heap before GC invocations=58 (full 0):
 garbage-first heap   total 645120K, used 573392K [0x0000000700800000, 0x0000000800000000)
  region size 2048K, 109 young (223232K), 14 survivors (28672K)
 Metaspace       used 79660K, committed 80640K, reserved 1179648K
  class space    used 8759K, committed 9216K, reserved 1048576K
}
Event: 39.366 GC heap after
{Heap after GC invocations=59 (full 0):
 garbage-first heap   total 645120K, used 404432K [0x0000000700800000, 0x0000000800000000)
  region size 2048K, 13 young (26624K), 13 survivors (26624K)
 Metaspace       used 79660K, committed 80640K, reserved 1179648K
  class space    used 8759K, committed 9216K, reserved 1048576K
}
Event: 40.660 GC heap before
{Heap before GC invocations=60 (full 0):
 garbage-first heap   total 768000K, used 576464K [0x0000000700800000, 0x0000000800000000)
  region size 2048K, 97 young (198656K), 13 survivors (26624K)
 Metaspace       used 79801K, committed 80768K, reserved 1179648K
  class space    used 8760K, committed 9216K, reserved 1048576K
}
Event: 40.686 GC heap after
{Heap after GC invocations=61 (full 0):
 garbage-first heap   total 768000K, used 427984K [0x0000000700800000, 0x0000000800000000)
  region size 2048K, 11 young (22528K), 11 survivors (22528K)
 Metaspace       used 79801K, committed 80768K, reserved 1179648K
  class space    used 8760K, committed 9216K, reserved 1048576K
}
Event: 41.641 GC heap before
{Heap before GC invocations=61 (full 0):
 garbage-first heap   total 768000K, used 679888K [0x0000000700800000, 0x0000000800000000)
  region size 2048K, 134 young (274432K), 11 survivors (22528K)
 Metaspace       used 79861K, committed 80832K, reserved 1179648K
  class space    used 8761K, committed 9216K, reserved 1048576K
}
Event: 41.668 GC heap after
{Heap after GC invocations=62 (full 0):
 garbage-first heap   total 768000K, used 453584K [0x0000000700800000, 0x0000000800000000)
  region size 2048K, 15 young (30720K), 15 survivors (30720K)
 Metaspace       used 79861K, committed 80832K, reserved 1179648K
  class space    used 8761K, committed 9216K, reserved 1048576K
}
Event: 43.570 GC heap before
{Heap before GC invocations=62 (full 0):
 garbage-first heap   total 768000K, used 621520K [0x0000000700800000, 0x0000000800000000)
  region size 2048K, 98 young (200704K), 15 survivors (30720K)
 Metaspace       used 80071K, committed 81024K, reserved 1179648K
  class space    used 8761K, committed 9216K, reserved 1048576K
}
Event: 43.597 GC heap after
{Heap after GC invocations=63 (full 0):
 garbage-first heap   total 768000K, used 475088K [0x0000000700800000, 0x0000000800000000)
  region size 2048K, 12 young (24576K), 12 survivors (24576K)
 Metaspace       used 80071K, committed 81024K, reserved 1179648K
  class space    used 8761K, committed 9216K, reserved 1048576K
}

