# JRE version: Java(TM) SE Runtime Environment (21.0.9+7) (build 21.0.9+7-LTS-338)
# Java VM: Java HotSpot(TM) 64-Bit Server VM (21.0.9+7-LTS-338, mixed mode, sharing, tiered, compressed oops, compressed class ptrs, g1 gc, windows-amd64)
GC Precious Log:
 CardTable entry size: 512
 Card Set container configuration: InlinePtr #cards 4 size 8 Array Of Cards #cards 16 size 48 Howl #buckets 8 coarsen threshold 3686 Howl Bitmap #cards 512 size 80 coarsen threshold 460 Card regions per heap region 1 cards per card region 4096
 CPUs: 4 total, 4 available
 Memory: 16348M
 Large Page Support: Disabled
 NUMA Support: Disabled
 Compressed Oops: Enabled (Zero based)
 Heap Region Size: 2M
 Heap Min Capacity: 8M
 Heap Initial Capacity: 256M
 Heap Max Capacity: 4088M
 Pre-touch: Disabled
 Parallel Workers: 4
 Concurrent Workers: 1
 Concurrent Refinement Workers: 4
 Periodic GC: Disabled
Heap:
 garbage-first heap   total 581632K, used 420316K [0x0000000700800000, 0x0000000800000000)
  region size 2048K, 48 young (98304K), 10 survivors (20480K)
 Metaspace       used 79344K, committed 80320K, reserved 1179648K
  class space    used 8750K, committed 9216K, reserved 1048576K
GC Heap History (20 events):
Event: 33.112 GC heap before
{Heap before GC invocations=51 (full 0):
 garbage-first heap   total 397312K, used 339217K [0x0000000700800000, 0x0000000800000000)
  region size 2048K, 75 young (153600K), 7 survivors (14336K)
 Metaspace       used 77353K, committed 78336K, reserved 1179648K
  class space    used 8622K, committed 9088K, reserved 1048576K
}
Event: 33.138 GC heap after
{Heap after GC invocations=52 (full 0):
 garbage-first heap   total 397312K, used 217622K [0x0000000700800000, 0x0000000800000000)
  region size 2048K, 10 young (20480K), 10 survivors (20480K)
 Metaspace       used 77353K, committed 78336K, reserved 1179648K
  class space    used 8622K, committed 9088K, reserved 1048576K
}
Event: 33.476 GC heap before
{Heap before GC invocations=52 (full 0):
 garbage-first heap   total 397312K, used 231958K [0x0000000700800000, 0x0000000800000000)
  region size 2048K, 18 young (36864K), 10 survivors (20480K)
 Metaspace       used 77571K, committed 78528K, reserved 1179648K
  class space    used 8643K, committed 9088K, reserved 1048576K
}
Event: 33.490 GC heap after
{Heap after GC invocations=53 (full 0):
 garbage-first heap   total 397312K, used 224703K [0x0000000700800000, 0x0000000800000000)
  region size 2048K, 3 young (6144K), 3 survivors (6144K)
 Metaspace       used 77571K, committed 78528K, reserved 1179648K
  class space    used 8643K, committed 9088K, reserved 1048576K
}
Event: 35.664 GC heap before
{Heap before GC invocations=54 (full 0):
 garbage-first heap   total 407552K, used 355775K [0x0000000700800000, 0x0000000800000000)
  region size 2048K, 64 young (131072K), 3 survivors (6144K)
 Metaspace       used 77732K, committed 78656K, reserved 1179648K
  class space    used 8646K, committed 9088K, reserved 1048576K
}
Event: 35.678 GC heap after
{Heap after GC invocations=55 (full 0):
 garbage-first heap   total 407552K, used 239394K [0x0000000700800000, 0x0000000800000000)
  region size 2048K, 8 young (16384K), 8 survivors (16384K)
 Metaspace       used 77732K, committed 78656K, reserved 1179648K
  class space    used 8646K, committed 9088K, reserved 1048576K
}
Event: 36.227 GC heap before
{Heap before GC invocations=55 (full 0):
 garbage-first heap   total 407552K, used 364322K [0x0000000700800000, 0x0000000800000000)
  region size 2048K, 67 young (137216K), 8 survivors (16384K)
 Metaspace       used 77898K, committed 78848K, reserved 1179648K
  class space    used 8657K, committed 9088K, reserved 1048576K
}
Event: 36.246 GC heap after
{Heap after GC invocations=56 (full 0):
 garbage-first heap   total 407552K, used 252203K [0x0000000700800000, 0x0000000800000000)
  region size 2048K, 7 young (14336K), 7 survivors (14336K)
 Metaspace       used 77898K, committed 78848K, reserved 1179648K
  class space    used 8657K, committed 9088K, reserved 1048576K
}
Event: 36.918 GC heap before
{Heap before GC invocations=56 (full 0):
 garbage-first heap   total 407552K, used 278827K [0x0000000700800000, 0x0000000800000000)
  region size 2048K, 21 young (43008K), 7 survivors (14336K)
 Metaspace       used 78010K, committed 78976K, reserved 1179648K
  class space    used 8662K, committed 9088K, reserved 1048576K
}
Event: 36.928 GC heap after
{Heap after GC invocations=57 (full 0):
 garbage-first heap   total 407552K, used 257360K [0x0000000700800000, 0x0000000800000000)
  region size 2048K, 3 young (6144K), 3 survivors (6144K)
 Metaspace       used 78010K, committed 78976K, reserved 1179648K
  class space    used 8662K, committed 9088K, reserved 1048576K
}
Event: 38.373 GC heap before
{Heap before GC invocations=58 (full 0):
 garbage-first heap   total 479232K, used 370000K [0x0000000700800000, 0x0000000800000000)
  region size 2048K, 56 young (114688K), 3 survivors (6144K)
 Metaspace       used 78290K, committed 79232K, reserved 1179648K
  class space    used 8713K, committed 9152K, reserved 1048576K
}
Event: 38.385 GC heap after
{Heap after GC invocations=59 (full 0):
 garbage-first heap   total 479232K, used 273027K [0x0000000700800000, 0x0000000800000000)
  region size 2048K, 7 young (14336K), 7 survivors (14336K)
 Metaspace       used 78290K, committed 79232K, reserved 1179648K
  class space    used 8713K, committed 9152K, reserved 1048576K
}
Event: 40.135 GC heap before
{Heap before GC invocations=59 (full 0):
 garbage-first heap   total 479232K, used 424579K [0x0000000700800000, 0x0000000800000000)
  region size 2048K, 81 young (165888K), 7 survivors (14336K)
 Metaspace       used 78513K, committed 79488K, reserved 1179648K
  class space    used 8720K, committed 9152K, reserved 1048576K
}
Event: 40.158 GC heap after
{Heap after GC invocations=60 (full 0):
 garbage-first heap   total 479232K, used 288492K [0x0000000700800000, 0x0000000800000000)
  region size 2048K, 11 young (22528K), 11 survivors (22528K)
 Metaspace       used 78513K, committed 79488K, reserved 1179648K
  class space    used 8720K, committed 9152K, reserved 1048576K
}
Event: 41.665 GC heap before
{Heap before GC invocations=60 (full 0):
 garbage-first heap   total 479232K, used 427756K [0x0000000700800000, 0x0000000800000000)
  region size 2048K, 79 young (161792K), 11 survivors (22528K)
 Metaspace       used 78748K, committed 79680K, reserved 1179648K
  class space    used 8723K, committed 9152K, reserved 1048576K
}
Event: 41.692 GC heap after
{Heap after GC invocations=61 (full 0):
 garbage-first heap   total 479232K, used 309184K [0x0000000700800000, 0x0000000800000000)
  region size 2048K, 9 young (18432K), 9 survivors (18432K)
 Metaspace       used 78748K, committed 79680K, reserved 1179648K
  class space    used 8723K, committed 9152K, reserved 1048576K
}
Event: 44.453 GC heap before
{Heap before GC invocations=62 (full 0):
 garbage-first heap   total 581632K, used 430016K [0x0000000700800000, 0x0000000800000000)
  region size 2048K, 68 young (139264K), 9 survivors (18432K)
 Metaspace       used 79053K, committed 80000K, reserved 1179648K
  class space    used 8740K, committed 9152K, reserved 1048576K
}
Event: 44.477 GC heap after
{Heap after GC invocations=63 (full 0):
 garbage-first heap   total 581632K, used 328704K [0x0000000700800000, 0x0000000800000000)
  region size 2048K, 9 young (18432K), 9 survivors (18432K)
 Metaspace       used 79053K, committed 80000K, reserved 1179648K
  class space    used 8740K, committed 9152K, reserved 1048576K
}
Event: 46.492 GC heap before
{Heap before GC invocations=63 (full 0):
 garbage-first heap   total 581632K, used 513024K [0x0000000700800000, 0x0000000800000000)
  region size 2048K, 99 young (202752K), 9 survivors (18432K)
 Metaspace       used 79220K, committed 80192K, reserved 1179648K
  class space    used 8746K, committed 9216K, reserved 1048576K
}
Event: 46.515 GC heap after
{Heap after GC invocations=64 (full 0):
 garbage-first heap   total 581632K, used 344540K [0x0000000700800000, 0x0000000800000000)
  region size 2048K, 10 young (20480K), 10 survivors (20480K)
 Metaspace       used 79220K, committed 80192K, reserved 1179648K
  class space    used 8746K, committed 9216K, reserved 1048576K
}

