# JRE version: Java(TM) SE Runtime Environment (21.0.9+7) (build 21.0.9+7-LTS-338)
# Java VM: Java HotSpot(TM) 64-Bit Server VM (21.0.9+7-LTS-338, mixed mode, sharing, tiered, compressed oops, compressed class ptrs, g1 gc, windows-amd64)
GC Precious Log:
 CardTable entry size: 512
 Card Set container configuration: InlinePtr #cards 4 size 8 Array Of Cards #cards 16 size 48 Howl #buckets 8 coarsen threshold 3686 Howl Bitmap #cards 512 size 80 coarsen threshold 460 Card regions per heap region 1 cards per card region 4096
 CPUs: 4 total, 4 available
 Memory: 16348M
 Large Page Support: Disabled
 NUMA Support: Disabled
 Compressed Oops: Enabled (Zero based)
 Heap Region Size: 2M
 Heap Min Capacity: 8M
 Heap Initial Capacity: 256M
 Heap Max Capacity: 4088M
 Pre-touch: Disabled
 Parallel Workers: 4
 Concurrent Workers: 1
 Concurrent Refinement Workers: 4
 Periodic GC: Disabled
Heap:
 garbage-first heap   total 684032K, used 505842K [0x0000000700800000, 0x0000000800000000)
  region size 2048K, 162 young (331776K), 12 survivors (24576K)
 Metaspace       used 86964K, committed 88192K, reserved 1179648K
  class space    used 8903K, committed 9536K, reserved 1048576K
GC Heap History (20 events):
Event: 2619.228 GC heap before
{Heap before GC invocations=279 (full 0):
 garbage-first heap   total 628736K, used 511986K [0x0000000700800000, 0x0000000800000000)
  region size 2048K, 156 young (319488K), 23 survivors (47104K)
 Metaspace       used 86944K, committed 88192K, reserved 1179648K
  class space    used 8902K, committed 9536K, reserved 1048576K
}
Event: 2619.282 GC heap after
{Heap after GC invocations=280 (full 0):
 garbage-first heap   total 628736K, used 197618K [0x0000000700800000, 0x0000000800000000)
  region size 2048K, 20 young (40960K), 20 survivors (40960K)
 Metaspace       used 86944K, committed 88192K, reserved 1179648K
  class space    used 8902K, committed 9536K, reserved 1048576K
}
Event: 2621.241 GC heap before
{Heap before GC invocations=280 (full 0):
 garbage-first heap   total 628736K, used 492530K [0x0000000700800000, 0x0000000800000000)
  region size 2048K, 164 young (335872K), 20 survivors (40960K)
 Metaspace       used 86945K, committed 88192K, reserved 1179648K
  class space    used 8902K, committed 9536K, reserved 1048576K
}
Event: 2621.255 GC heap after
{Heap after GC invocations=281 (full 0):
 garbage-first heap   total 628736K, used 178162K [0x0000000700800000, 0x0000000800000000)
  region size 2048K, 5 young (10240K), 5 survivors (10240K)
 Metaspace       used 86945K, committed 88192K, reserved 1179648K
  class space    used 8902K, committed 9536K, reserved 1048576K
}
Event: 2623.075 GC heap before
{Heap before GC invocations=281 (full 0):
 garbage-first heap   total 628736K, used 503794K [0x0000000700800000, 0x0000000800000000)
  region size 2048K, 164 young (335872K), 5 survivors (10240K)
 Metaspace       used 86945K, committed 88192K, reserved 1179648K
  class space    used 8902K, committed 9536K, reserved 1048576K
}
Event: 2623.130 GC heap after
{Heap after GC invocations=282 (full 0):
 garbage-first heap   total 628736K, used 244722K [0x0000000700800000, 0x0000000800000000)
  region size 2048K, 21 young (43008K), 21 survivors (43008K)
 Metaspace       used 86945K, committed 88192K, reserved 1179648K
  class space    used 8902K, committed 9536K, reserved 1048576K
}
Event: 2624.718 GC heap before
{Heap before GC invocations=283 (full 0):
 garbage-first heap   total 628736K, used 470002K [0x0000000700800000, 0x0000000800000000)
  region size 2048K, 151 young (309248K), 21 survivors (43008K)
 Metaspace       used 86945K, committed 88192K, reserved 1179648K
  class space    used 8902K, committed 9536K, reserved 1048576K
}
Event: 2624.752 GC heap after
{Heap after GC invocations=284 (full 0):
 garbage-first heap   total 628736K, used 211954K [0x0000000700800000, 0x0000000800000000)
  region size 2048K, 16 young (32768K), 16 survivors (32768K)
 Metaspace       used 86945K, committed 88192K, reserved 1179648K
  class space    used 8902K, committed 9536K, reserved 1048576K
}
Event: 2626.566 GC heap before
{Heap before GC invocations=284 (full 0):
 garbage-first heap   total 628736K, used 506866K [0x0000000700800000, 0x0000000800000000)
  region size 2048K, 160 young (327680K), 16 survivors (32768K)
 Metaspace       used 86945K, committed 88192K, reserved 1179648K
  class space    used 8902K, committed 9536K, reserved 1048576K
}
Event: 2626.621 GC heap after
{Heap after GC invocations=285 (full 0):
 garbage-first heap   total 628736K, used 214002K [0x0000000700800000, 0x0000000800000000)
  region size 2048K, 20 young (40960K), 20 survivors (40960K)
 Metaspace       used 86945K, committed 88192K, reserved 1179648K
  class space    used 8902K, committed 9536K, reserved 1048576K
}
Event: 2628.886 GC heap before
{Heap before GC invocations=285 (full 0):
 garbage-first heap   total 628736K, used 500722K [0x0000000700800000, 0x0000000800000000)
  region size 2048K, 160 young (327680K), 20 survivors (40960K)
 Metaspace       used 86945K, committed 88192K, reserved 1179648K
  class space    used 8902K, committed 9536K, reserved 1048576K
}
Event: 2628.935 GC heap after
{Heap after GC invocations=286 (full 0):
 garbage-first heap   total 755712K, used 232434K [0x0000000700800000, 0x0000000800000000)
  region size 2048K, 20 young (40960K), 20 survivors (40960K)
 Metaspace       used 86945K, committed 88192K, reserved 1179648K
  class space    used 8902K, committed 9536K, reserved 1048576K
}
Event: 2636.398 GC heap before
{Heap before GC invocations=287 (full 0):
 garbage-first heap   total 684032K, used 558066K [0x0000000700800000, 0x0000000800000000)
  region size 2048K, 197 young (403456K), 20 survivors (40960K)
 Metaspace       used 86952K, committed 88192K, reserved 1179648K
  class space    used 8902K, committed 9536K, reserved 1048576K
}
Event: 2636.420 GC heap after
{Heap after GC invocations=288 (full 0):
 garbage-first heap   total 684032K, used 190450K [0x0000000700800000, 0x0000000800000000)
  region size 2048K, 12 young (24576K), 12 survivors (24576K)
 Metaspace       used 86952K, committed 88192K, reserved 1179648K
  class space    used 8902K, committed 9536K, reserved 1048576K
}
Event: 2640.200 GC heap before
{Heap before GC invocations=288 (full 0):
 garbage-first heap   total 684032K, used 544754K [0x0000000700800000, 0x0000000800000000)
  region size 2048K, 185 young (378880K), 12 survivors (24576K)
 Metaspace       used 86961K, committed 88192K, reserved 1179648K
  class space    used 8902K, committed 9536K, reserved 1048576K
}
Event: 2640.263 GC heap after
{Heap after GC invocations=289 (full 0):
 garbage-first heap   total 684032K, used 201714K [0x0000000700800000, 0x0000000800000000)
  region size 2048K, 24 young (49152K), 24 survivors (49152K)
 Metaspace       used 86961K, committed 88192K, reserved 1179648K
  class space    used 8902K, committed 9536K, reserved 1048576K
}
Event: 2644.219 GC heap before
{Heap before GC invocations=289 (full 0):
 garbage-first heap   total 684032K, used 539634K [0x0000000700800000, 0x0000000800000000)
  region size 2048K, 189 young (387072K), 24 survivors (49152K)
 Metaspace       used 86961K, committed 88192K, reserved 1179648K
  class space    used 8902K, committed 9536K, reserved 1048576K
}
Event: 2644.282 GC heap after
{Heap after GC invocations=290 (full 0):
 garbage-first heap   total 684032K, used 232434K [0x0000000700800000, 0x0000000800000000)
  region size 2048K, 24 young (49152K), 24 survivors (49152K)
 Metaspace       used 86961K, committed 88192K, reserved 1179648K
  class space    used 8902K, committed 9536K, reserved 1048576K
}
Event: 2647.958 GC heap before
{Heap before GC invocations=291 (full 0):
 garbage-first heap   total 684032K, used 517106K [0x0000000700800000, 0x0000000800000000)
  region size 2048K, 174 young (356352K), 24 survivors (49152K)
 Metaspace       used 86964K, committed 88192K, reserved 1179648K
  class space    used 8903K, committed 9536K, reserved 1048576K
}
Event: 2647.984 GC heap after
{Heap after GC invocations=292 (full 0):
 garbage-first heap   total 684032K, used 200690K [0x0000000700800000, 0x0000000800000000)
  region size 2048K, 12 young (24576K), 12 survivors (24576K)
 Metaspace       used 86964K, committed 88192K, reserved 1179648K
  class space    used 8903K, committed 9536K, reserved 1048576K
}

