# JRE version: Java(TM) SE Runtime Environment (21.0.9+7) (build 21.0.9+7-LTS-338)
# Java VM: Java HotSpot(TM) 64-Bit Server VM (21.0.9+7-LTS-338, mixed mode, sharing, tiered, compressed oops, compressed class ptrs, g1 gc, windows-amd64)
GC Precious Log:
 CardTable entry size: 512
 Card Set container configuration: InlinePtr #cards 4 size 8 Array Of Cards #cards 16 size 48 Howl #buckets 8 coarsen threshold 3686 Howl Bitmap #cards 512 size 80 coarsen threshold 460 Card regions per heap region 1 cards per card region 4096
 CPUs: 4 total, 4 available
 Memory: 16348M
 Large Page Support: Disabled
 NUMA Support: Disabled
 Compressed Oops: Enabled (Zero based)
 Heap Region Size: 2M
 Heap Min Capacity: 8M
 Heap Initial Capacity: 256M
 Heap Max Capacity: 4088M
 Pre-touch: Disabled
 Parallel Workers: 4
 Concurrent Workers: 1
 Concurrent Refinement Workers: 4
 Periodic GC: Disabled
Heap:
 garbage-first heap   total 940032K, used 729088K [0x0000000700800000, 0x0000000800000000)
  region size 2048K, 90 young (184320K), 6 survivors (12288K)
 Metaspace       used 80783K, committed 81728K, reserved 1179648K
  class space    used 8764K, committed 9216K, reserved 1048576K
GC Heap History (20 events):
Event: 47.205 GC heap before
{Heap before GC invocations=58 (full 0):
 garbage-first heap   total 608256K, used 523142K [0x0000000700800000, 0x0000000800000000)
  region size 2048K, 120 young (245760K), 12 survivors (24576K)
 Metaspace       used 79049K, committed 80000K, reserved 1179648K
  class space    used 8738K, committed 9152K, reserved 1048576K
}
Event: 47.238 GC heap after
{Heap after GC invocations=59 (full 0):
 garbage-first heap   total 608256K, used 328634K [0x0000000700800000, 0x0000000800000000)
  region size 2048K, 14 young (28672K), 14 survivors (28672K)
 Metaspace       used 79049K, committed 80000K, reserved 1179648K
  class space    used 8738K, committed 9152K, reserved 1048576K
}
Event: 49.326 GC heap before
{Heap before GC invocations=59 (full 0):
 garbage-first heap   total 608256K, used 529338K [0x0000000700800000, 0x0000000800000000)
  region size 2048K, 112 young (229376K), 14 survivors (28672K)
 Metaspace       used 79308K, committed 80320K, reserved 1179648K
  class space    used 8748K, committed 9216K, reserved 1048576K
}
Event: 49.353 GC heap after
{Heap after GC invocations=60 (full 0):
 garbage-first heap   total 608256K, used 355328K [0x0000000700800000, 0x0000000800000000)
  region size 2048K, 12 young (24576K), 12 survivors (24576K)
 Metaspace       used 79308K, committed 80320K, reserved 1179648K
  class space    used 8748K, committed 9216K, reserved 1048576K
}
Event: 50.633 GC heap before
{Heap before GC invocations=60 (full 0):
 garbage-first heap   total 608256K, used 539648K [0x0000000700800000, 0x0000000800000000)
  region size 2048K, 102 young (208896K), 12 survivors (24576K)
 Metaspace       used 79451K, committed 80448K, reserved 1179648K
  class space    used 8749K, committed 9216K, reserved 1048576K
}
Event: 50.658 GC heap after
{Heap after GC invocations=61 (full 0):
 garbage-first heap   total 608256K, used 381952K [0x0000000700800000, 0x0000000800000000)
  region size 2048K, 13 young (26624K), 13 survivors (26624K)
 Metaspace       used 79451K, committed 80448K, reserved 1179648K
  class space    used 8749K, committed 9216K, reserved 1048576K
}
Event: 51.912 GC heap before
{Heap before GC invocations=62 (full 0):
 garbage-first heap   total 796672K, used 539648K [0x0000000700800000, 0x0000000800000000)
  region size 2048K, 90 young (184320K), 13 survivors (26624K)
 Metaspace       used 79527K, committed 80512K, reserved 1179648K
  class space    used 8755K, committed 9216K, reserved 1048576K
}
Event: 51.937 GC heap after
{Heap after GC invocations=63 (full 0):
 garbage-first heap   total 796672K, used 402432K [0x0000000700800000, 0x0000000800000000)
  region size 2048K, 10 young (20480K), 10 survivors (20480K)
 Metaspace       used 79527K, committed 80512K, reserved 1179648K
  class space    used 8755K, committed 9216K, reserved 1048576K
}
Event: 54.896 GC heap before
{Heap before GC invocations=63 (full 0):
 garbage-first heap   total 796672K, used 697344K [0x0000000700800000, 0x0000000800000000)
  region size 2048K, 154 young (315392K), 10 survivors (20480K)
 Metaspace       used 79768K, committed 80768K, reserved 1179648K
  class space    used 8756K, committed 9216K, reserved 1048576K
}
Event: 54.929 GC heap after
{Heap after GC invocations=64 (full 0):
 garbage-first heap   total 796672K, used 439296K [0x0000000700800000, 0x0000000800000000)
  region size 2048K, 20 young (40960K), 20 survivors (40960K)
 Metaspace       used 79768K, committed 80768K, reserved 1179648K
  class space    used 8756K, committed 9216K, reserved 1048576K
}
Event: 56.462 GC heap before
{Heap before GC invocations=64 (full 0):
 garbage-first heap   total 796672K, used 695296K [0x0000000700800000, 0x0000000800000000)
  region size 2048K, 145 young (296960K), 20 survivors (40960K)
 Metaspace       used 79818K, committed 80768K, reserved 1179648K
  class space    used 8757K, committed 9216K, reserved 1048576K
}
Event: 56.505 GC heap after
{Heap after GC invocations=65 (full 0):
 garbage-first heap   total 796672K, used 470016K [0x0000000700800000, 0x0000000800000000)
  region size 2048K, 15 young (30720K), 15 survivors (30720K)
 Metaspace       used 79818K, committed 80768K, reserved 1179648K
  class space    used 8757K, committed 9216K, reserved 1048576K
}
Event: 58.994 GC heap before
{Heap before GC invocations=65 (full 0):
 garbage-first heap   total 796672K, used 562176K [0x0000000700800000, 0x0000000800000000)
  region size 2048K, 61 young (124928K), 15 survivors (30720K)
 Metaspace       used 80079K, committed 81024K, reserved 1179648K
  class space    used 8757K, committed 9216K, reserved 1048576K
}
Event: 59.015 GC heap after
{Heap after GC invocations=66 (full 0):
 garbage-first heap   total 796672K, used 480256K [0x0000000700800000, 0x0000000800000000)
  region size 2048K, 7 young (14336K), 7 survivors (14336K)
 Metaspace       used 80079K, committed 81024K, reserved 1179648K
  class space    used 8757K, committed 9216K, reserved 1048576K
}
Event: 61.491 GC heap before
{Heap before GC invocations=67 (full 0):
 garbage-first heap   total 940032K, used 717824K [0x0000000700800000, 0x0000000800000000)
  region size 2048K, 121 young (247808K), 7 survivors (14336K)
 Metaspace       used 80179K, committed 81152K, reserved 1179648K
  class space    used 8758K, committed 9216K, reserved 1048576K
}
Event: 61.515 GC heap after
{Heap after GC invocations=68 (full 0):
 garbage-first heap   total 940032K, used 510976K [0x0000000700800000, 0x0000000800000000)
  region size 2048K, 16 young (32768K), 16 survivors (32768K)
 Metaspace       used 80179K, committed 81152K, reserved 1179648K
  class space    used 8758K, committed 9216K, reserved 1048576K
}
Event: 64.849 GC heap before
{Heap before GC invocations=68 (full 0):
 garbage-first heap   total 940032K, used 826368K [0x0000000700800000, 0x0000000800000000)
  region size 2048K, 168 young (344064K), 16 survivors (32768K)
 Metaspace       used 80607K, committed 81536K, reserved 1179648K
  class space    used 8760K, committed 9216K, reserved 1048576K
}
Event: 64.896 GC heap after
{Heap after GC invocations=69 (full 0):
 garbage-first heap   total 940032K, used 544768K [0x0000000700800000, 0x0000000800000000)
  region size 2048K, 19 young (38912K), 19 survivors (38912K)
 Metaspace       used 80607K, committed 81536K, reserved 1179648K
  class space    used 8760K, committed 9216K, reserved 1048576K
}
Event: 65.608 GC heap before
{Heap before GC invocations=69 (full 0):
 garbage-first heap   total 940032K, used 620544K [0x0000000700800000, 0x0000000800000000)
  region size 2048K, 57 young (116736K), 19 survivors (38912K)
 Metaspace       used 80721K, committed 81664K, reserved 1179648K
  class space    used 8760K, committed 9216K, reserved 1048576K
}
Event: 65.632 GC heap after
{Heap after GC invocations=70 (full 0):
 garbage-first heap   total 940032K, used 552960K [0x0000000700800000, 0x0000000800000000)
  region size 2048K, 6 young (12288K), 6 survivors (12288K)
 Metaspace       used 80721K, committed 81664K, reserved 1179648K
  class space    used 8760K, committed 9216K, reserved 1048576K
}

